CRITICAL - 2026-05-07 16:25:06 --> ParseError: syntax error, unexpected token "}"
[Method: GET, Route: inscription]
in APPPATH/Controllers/UtilisateurController.php on line 12.
 1 SYSTEMPATH/Autoloader/Autoloader.php(295): CodeIgniter\Autoloader\Autoloader->includeFile()
 2 SYSTEMPATH/Autoloader/Autoloader.php(271): CodeIgniter\Autoloader\Autoloader->loadInNamespace()
 3 [internal function]: CodeIgniter\Autoloader\Autoloader->loadClass()
 4 SYSTEMPATH/Router/Router.php(792): class_exists()
 5 SYSTEMPATH/Router/Router.php(230): CodeIgniter\Router\Router->processRouteAttributes()
 6 SYSTEMPATH/CodeIgniter.php(829): CodeIgniter\Router\Router->handle()
 7 SYSTEMPATH/CodeIgniter.php(441): CodeIgniter\CodeIgniter->tryToRouteIt()
 8 SYSTEMPATH/CodeIgniter.php(340): CodeIgniter\CodeIgniter->handleRequest()
 9 SYSTEMPATH/Boot.php(417): CodeIgniter\CodeIgniter->run()
10 SYSTEMPATH/Boot.php(68): CodeIgniter\Boot::runCodeIgniter()
11 FCPATH/index.php(59): CodeIgniter\Boot::bootWeb()
CRITICAL - 2026-05-07 16:58:04 --> Error: Object of class App\Controllers\UtilisateurController could not be converted to string
[Method: GET, Route: info1]
in APPPATH/Controllers/UtilisateurController.php on line 21.
 1 SYSTEMPATH/CodeIgniter.php(951): App\Controllers\UtilisateurController->insert_info1()
 2 SYSTEMPATH/CodeIgniter.php(497): CodeIgniter\CodeIgniter->runController()
 3 SYSTEMPATH/CodeIgniter.php(340): CodeIgniter\CodeIgniter->handleRequest()
 4 SYSTEMPATH/Boot.php(417): CodeIgniter\CodeIgniter->run()
 5 SYSTEMPATH/Boot.php(68): CodeIgniter\Boot::runCodeIgniter()
 6 FCPATH/index.php(59): CodeIgniter\Boot::bootWeb()
ERROR - 2026-05-07 17:00:08 --> Duplicate entry 'ranaivosoaowan@gmail.com' for key 'email'
in SYSTEMPATH/Database/MySQLi/Connection.php on line 300.
 1 SYSTEMPATH/Database/MySQLi/Connection.php(300): mysqli->query()
 2 SYSTEMPATH/Database/BaseConnection.php(910): CodeIgniter\Database\MySQLi\Connection->execute()
 3 SYSTEMPATH/Database/BaseConnection.php(827): CodeIgniter\Database\BaseConnection->simpleQuery()
 4 SYSTEMPATH/Database/BaseBuilder.php(2345): CodeIgniter\Database\BaseConnection->query()
 5 SYSTEMPATH/Model.php(355): CodeIgniter\Database\BaseBuilder->insert()
 6 SYSTEMPATH/BaseModel.php(899): CodeIgniter\Model->doInsert()
 7 SYSTEMPATH/Model.php(668): CodeIgniter\BaseModel->insert()
 8 APPPATH/Controllers/UtilisateurController.php(34): CodeIgniter\Model->insert()
 9 SYSTEMPATH/CodeIgniter.php(951): App\Controllers\UtilisateurController->insert_info1()
10 SYSTEMPATH/CodeIgniter.php(497): CodeIgniter\CodeIgniter->runController()
11 SYSTEMPATH/CodeIgniter.php(340): CodeIgniter\CodeIgniter->handleRequest()
12 SYSTEMPATH/Boot.php(417): CodeIgniter\CodeIgniter->run()
13 SYSTEMPATH/Boot.php(68): CodeIgniter\Boot::runCodeIgniter()
14 FCPATH/index.php(59): CodeIgniter\Boot::bootWeb()
CRITICAL - 2026-05-07 17:00:08 --> CodeIgniter\Database\Exceptions\DatabaseException: Duplicate entry 'ranaivosoaowan@gmail.com' for key 'email'
[Method: GET, Route: info1]
in SYSTEMPATH/Database/BaseConnection.php on line 865.
 1 SYSTEMPATH/Database/BaseBuilder.php(2345): CodeIgniter\Database\BaseConnection->query()
 2 SYSTEMPATH/Model.php(355): CodeIgniter\Database\BaseBuilder->insert()
 3 SYSTEMPATH/BaseModel.php(899): CodeIgniter\Model->doInsert()
 4 SYSTEMPATH/Model.php(668): CodeIgniter\BaseModel->insert()
 5 APPPATH/Controllers/UtilisateurController.php(34): CodeIgniter\Model->insert()
 6 SYSTEMPATH/CodeIgniter.php(951): App\Controllers\UtilisateurController->insert_info1()
 7 SYSTEMPATH/CodeIgniter.php(497): CodeIgniter\CodeIgniter->runController()
 8 SYSTEMPATH/CodeIgniter.php(340): CodeIgniter\CodeIgniter->handleRequest()
 9 SYSTEMPATH/Boot.php(417): CodeIgniter\CodeIgniter->run()
10 SYSTEMPATH/Boot.php(68): CodeIgniter\Boot::runCodeIgniter()
11 FCPATH/index.php(59): CodeIgniter\Boot::bootWeb()
CRITICAL - 2026-05-07 17:00:08 --> [Caused by] CodeIgniter\Database\Exceptions\DatabaseException: Duplicate entry 'ranaivosoaowan@gmail.com' for key 'email'
in SYSTEMPATH/Database/MySQLi/Connection.php on line 310.
 1 SYSTEMPATH/Database/BaseConnection.php(910): CodeIgniter\Database\MySQLi\Connection->execute()
 2 SYSTEMPATH/Database/BaseConnection.php(827): CodeIgniter\Database\BaseConnection->simpleQuery()
 3 SYSTEMPATH/Database/BaseBuilder.php(2345): CodeIgniter\Database\BaseConnection->query()
 4 SYSTEMPATH/Model.php(355): CodeIgniter\Database\BaseBuilder->insert()
 5 SYSTEMPATH/BaseModel.php(899): CodeIgniter\Model->doInsert()
 6 SYSTEMPATH/Model.php(668): CodeIgniter\BaseModel->insert()
 7 APPPATH/Controllers/UtilisateurController.php(34): CodeIgniter\Model->insert()
 8 SYSTEMPATH/CodeIgniter.php(951): App\Controllers\UtilisateurController->insert_info1()
 9 SYSTEMPATH/CodeIgniter.php(497): CodeIgniter\CodeIgniter->runController()
10 SYSTEMPATH/CodeIgniter.php(340): CodeIgniter\CodeIgniter->handleRequest()
11 SYSTEMPATH/Boot.php(417): CodeIgniter\CodeIgniter->run()
12 SYSTEMPATH/Boot.php(68): CodeIgniter\Boot::runCodeIgniter()
13 FCPATH/index.php(59): CodeIgniter\Boot::bootWeb()
CRITICAL - 2026-05-07 17:00:08 --> [Caused by] mysqli_sql_exception: Duplicate entry 'ranaivosoaowan@gmail.com' for key 'email'
in SYSTEMPATH/Database/MySQLi/Connection.php on line 300.
 1 SYSTEMPATH/Database/MySQLi/Connection.php(300): mysqli->query()
 2 SYSTEMPATH/Database/BaseConnection.php(910): CodeIgniter\Database\MySQLi\Connection->execute()
 3 SYSTEMPATH/Database/BaseConnection.php(827): CodeIgniter\Database\BaseConnection->simpleQuery()
 4 SYSTEMPATH/Database/BaseBuilder.php(2345): CodeIgniter\Database\BaseConnection->query()
 5 SYSTEMPATH/Model.php(355): CodeIgniter\Database\BaseBuilder->insert()
 6 SYSTEMPATH/BaseModel.php(899): CodeIgniter\Model->doInsert()
 7 SYSTEMPATH/Model.php(668): CodeIgniter\BaseModel->insert()
 8 APPPATH/Controllers/UtilisateurController.php(34): CodeIgniter\Model->insert()
 9 SYSTEMPATH/CodeIgniter.php(951): App\Controllers\UtilisateurController->insert_info1()
10 SYSTEMPATH/CodeIgniter.php(497): CodeIgniter\CodeIgniter->runController()
11 SYSTEMPATH/CodeIgniter.php(340): CodeIgniter\CodeIgniter->handleRequest()
12 SYSTEMPATH/Boot.php(417): CodeIgniter\CodeIgniter->run()
13 SYSTEMPATH/Boot.php(68): CodeIgniter\Boot::runCodeIgniter()
14 FCPATH/index.php(59): CodeIgniter\Boot::bootWeb()
CRITICAL - 2026-05-07 18:08:09 --> Error: Call to undefined function set_value()
[Method: GET, Route: inscription]
in APPPATH/Views/inscription.php on line 23.
 1 SYSTEMPATH/View/View.php(240): include()
 2 SYSTEMPATH/View/View.php(243): CodeIgniter\View\View->CodeIgniter\View\{closure}()
 3 SYSTEMPATH/Common.php(1250): CodeIgniter\View\View->render()
 4 APPPATH/Controllers/InscriptionController.php(11): view()
 5 SYSTEMPATH/CodeIgniter.php(951): App\Controllers\InscriptionController->index()
 6 SYSTEMPATH/CodeIgniter.php(497): CodeIgniter\CodeIgniter->runController()
 7 SYSTEMPATH/CodeIgniter.php(340): CodeIgniter\CodeIgniter->handleRequest()
 8 SYSTEMPATH/Boot.php(417): CodeIgniter\CodeIgniter->run()
 9 SYSTEMPATH/Boot.php(68): CodeIgniter\Boot::runCodeIgniter()
10 FCPATH/index.php(59): CodeIgniter\Boot::bootWeb()
CRITICAL - 2026-05-07 18:08:10 --> Error: Call to undefined function set_value()
[Method: GET, Route: inscription]
in APPPATH/Views/inscription.php on line 23.
 1 SYSTEMPATH/View/View.php(240): include()
 2 SYSTEMPATH/View/View.php(243): CodeIgniter\View\View->CodeIgniter\View\{closure}()
 3 SYSTEMPATH/Common.php(1250): CodeIgniter\View\View->render()
 4 APPPATH/Controllers/InscriptionController.php(11): view()
 5 SYSTEMPATH/CodeIgniter.php(951): App\Controllers\InscriptionController->index()
 6 SYSTEMPATH/CodeIgniter.php(497): CodeIgniter\CodeIgniter->runController()
 7 SYSTEMPATH/CodeIgniter.php(340): CodeIgniter\CodeIgniter->handleRequest()
 8 SYSTEMPATH/Boot.php(417): CodeIgniter\CodeIgniter->run()
 9 SYSTEMPATH/Boot.php(68): CodeIgniter\Boot::runCodeIgniter()
10 FCPATH/index.php(59): CodeIgniter\Boot::bootWeb()
CRITICAL - 2026-05-07 18:11:51 --> Error: Call to undefined function set_value()
[Method: GET, Route: inscription]
in APPPATH/Views/inscription.php on line 23.
 1 SYSTEMPATH/View/View.php(240): include()
 2 SYSTEMPATH/View/View.php(243): CodeIgniter\View\View->CodeIgniter\View\{closure}()
 3 SYSTEMPATH/Common.php(1250): CodeIgniter\View\View->render()
 4 APPPATH/Controllers/InscriptionController.php(11): view()
 5 SYSTEMPATH/CodeIgniter.php(951): App\Controllers\InscriptionController->index()
 6 SYSTEMPATH/CodeIgniter.php(497): CodeIgniter\CodeIgniter->runController()
 7 SYSTEMPATH/CodeIgniter.php(340): CodeIgniter\CodeIgniter->handleRequest()
 8 SYSTEMPATH/Boot.php(417): CodeIgniter\CodeIgniter->run()
 9 SYSTEMPATH/Boot.php(68): CodeIgniter\Boot::runCodeIgniter()
10 FCPATH/index.php(59): CodeIgniter\Boot::bootWeb()
CRITICAL - 2026-05-07 18:11:53 --> Error: Call to undefined function set_value()
[Method: GET, Route: inscription]
in APPPATH/Views/inscription.php on line 23.
 1 SYSTEMPATH/View/View.php(240): include()
 2 SYSTEMPATH/View/View.php(243): CodeIgniter\View\View->CodeIgniter\View\{closure}()
 3 SYSTEMPATH/Common.php(1250): CodeIgniter\View\View->render()
 4 APPPATH/Controllers/InscriptionController.php(11): view()
 5 SYSTEMPATH/CodeIgniter.php(951): App\Controllers\InscriptionController->index()
 6 SYSTEMPATH/CodeIgniter.php(497): CodeIgniter\CodeIgniter->runController()
 7 SYSTEMPATH/CodeIgniter.php(340): CodeIgniter\CodeIgniter->handleRequest()
 8 SYSTEMPATH/Boot.php(417): CodeIgniter\CodeIgniter->run()
 9 SYSTEMPATH/Boot.php(68): CodeIgniter\Boot::runCodeIgniter()
10 FCPATH/index.php(59): CodeIgniter\Boot::bootWeb()
CRITICAL - 2026-05-07 18:14:00 --> Error: Call to undefined function set_value()
[Method: GET, Route: inscription]
in APPPATH/Views/inscription.php on line 23.
 1 SYSTEMPATH/View/View.php(240): include()
 2 SYSTEMPATH/View/View.php(243): CodeIgniter\View\View->CodeIgniter\View\{closure}()
 3 SYSTEMPATH/Common.php(1250): CodeIgniter\View\View->render()
 4 APPPATH/Controllers/InscriptionController.php(11): view()
 5 SYSTEMPATH/CodeIgniter.php(951): App\Controllers\InscriptionController->index()
 6 SYSTEMPATH/CodeIgniter.php(497): CodeIgniter\CodeIgniter->runController()
 7 SYSTEMPATH/CodeIgniter.php(340): CodeIgniter\CodeIgniter->handleRequest()
 8 SYSTEMPATH/Boot.php(417): CodeIgniter\CodeIgniter->run()
 9 SYSTEMPATH/Boot.php(68): CodeIgniter\Boot::runCodeIgniter()
10 FCPATH/index.php(59): CodeIgniter\Boot::bootWeb()
CRITICAL - 2026-05-07 18:15:16 --> Error: Call to undefined function set_value()
[Method: GET, Route: inscription]
in APPPATH/Views/inscription.php on line 23.
 1 SYSTEMPATH/View/View.php(240): include()
 2 SYSTEMPATH/View/View.php(243): CodeIgniter\View\View->CodeIgniter\View\{closure}()
 3 SYSTEMPATH/Common.php(1250): CodeIgniter\View\View->render()
 4 APPPATH/Controllers/InscriptionController.php(11): view()
 5 SYSTEMPATH/CodeIgniter.php(951): App\Controllers\InscriptionController->index()
 6 SYSTEMPATH/CodeIgniter.php(497): CodeIgniter\CodeIgniter->runController()
 7 SYSTEMPATH/CodeIgniter.php(340): CodeIgniter\CodeIgniter->handleRequest()
 8 SYSTEMPATH/Boot.php(417): CodeIgniter\CodeIgniter->run()
 9 SYSTEMPATH/Boot.php(68): CodeIgniter\Boot::runCodeIgniter()
10 FCPATH/index.php(59): CodeIgniter\Boot::bootWeb()
CRITICAL - 2026-05-07 18:17:08 --> Error: Call to undefined function set_value()
[Method: GET, Route: inscription]
in APPPATH/Views/inscription.php on line 23.
 1 SYSTEMPATH/View/View.php(240): include()
 2 SYSTEMPATH/View/View.php(243): CodeIgniter\View\View->CodeIgniter\View\{closure}()
 3 SYSTEMPATH/Common.php(1250): CodeIgniter\View\View->render()
 4 APPPATH/Controllers/InscriptionController.php(11): view()
 5 SYSTEMPATH/CodeIgniter.php(951): App\Controllers\InscriptionController->index()
 6 SYSTEMPATH/CodeIgniter.php(497): CodeIgniter\CodeIgniter->runController()
 7 SYSTEMPATH/CodeIgniter.php(340): CodeIgniter\CodeIgniter->handleRequest()
 8 SYSTEMPATH/Boot.php(417): CodeIgniter\CodeIgniter->run()
 9 SYSTEMPATH/Boot.php(68): CodeIgniter\Boot::runCodeIgniter()
10 FCPATH/index.php(59): CodeIgniter\Boot::bootWeb()
CRITICAL - 2026-05-07 18:17:08 --> Error: Call to undefined function set_value()
[Method: GET, Route: inscription]
in APPPATH/Views/inscription.php on line 23.
 1 SYSTEMPATH/View/View.php(240): include()
 2 SYSTEMPATH/View/View.php(243): CodeIgniter\View\View->CodeIgniter\View\{closure}()
 3 SYSTEMPATH/Common.php(1250): CodeIgniter\View\View->render()
 4 APPPATH/Controllers/InscriptionController.php(11): view()
 5 SYSTEMPATH/CodeIgniter.php(951): App\Controllers\InscriptionController->index()
 6 SYSTEMPATH/CodeIgniter.php(497): CodeIgniter\CodeIgniter->runController()
 7 SYSTEMPATH/CodeIgniter.php(340): CodeIgniter\CodeIgniter->handleRequest()
 8 SYSTEMPATH/Boot.php(417): CodeIgniter\CodeIgniter->run()
 9 SYSTEMPATH/Boot.php(68): CodeIgniter\Boot::runCodeIgniter()
10 FCPATH/index.php(59): CodeIgniter\Boot::bootWeb()
CRITICAL - 2026-05-07 18:18:38 --> Error: Call to undefined function set_value()
[Method: GET, Route: inscription]
in APPPATH/Views/form.php on line 23.
 1 SYSTEMPATH/View/View.php(240): include()
 2 SYSTEMPATH/View/View.php(243): CodeIgniter\View\View->CodeIgniter\View\{closure}()
 3 SYSTEMPATH/Common.php(1250): CodeIgniter\View\View->render()
 4 APPPATH/Controllers/InscriptionController.php(11): view()
 5 SYSTEMPATH/CodeIgniter.php(951): App\Controllers\InscriptionController->affichage()
 6 SYSTEMPATH/CodeIgniter.php(497): CodeIgniter\CodeIgniter->runController()
 7 SYSTEMPATH/CodeIgniter.php(340): CodeIgniter\CodeIgniter->handleRequest()
 8 SYSTEMPATH/Boot.php(417): CodeIgniter\CodeIgniter->run()
 9 SYSTEMPATH/Boot.php(68): CodeIgniter\Boot::runCodeIgniter()
10 FCPATH/index.php(59): CodeIgniter\Boot::bootWeb()
CRITICAL - 2026-05-07 18:18:40 --> Error: Call to undefined function set_value()
[Method: GET, Route: inscription]
in APPPATH/Views/form.php on line 23.
 1 SYSTEMPATH/View/View.php(240): include()
 2 SYSTEMPATH/View/View.php(243): CodeIgniter\View\View->CodeIgniter\View\{closure}()
 3 SYSTEMPATH/Common.php(1250): CodeIgniter\View\View->render()
 4 APPPATH/Controllers/InscriptionController.php(11): view()
 5 SYSTEMPATH/CodeIgniter.php(951): App\Controllers\InscriptionController->affichage()
 6 SYSTEMPATH/CodeIgniter.php(497): CodeIgniter\CodeIgniter->runController()
 7 SYSTEMPATH/CodeIgniter.php(340): CodeIgniter\CodeIgniter->handleRequest()
 8 SYSTEMPATH/Boot.php(417): CodeIgniter\CodeIgniter->run()
 9 SYSTEMPATH/Boot.php(68): CodeIgniter\Boot::runCodeIgniter()
10 FCPATH/index.php(59): CodeIgniter\Boot::bootWeb()
CRITICAL - 2026-05-07 18:18:53 --> ParseError: syntax error, unexpected token "echo", expecting ";"
[Method: GET, Route: inscription]
in APPPATH/Controllers/InscriptionController.php on line 11.
 1 SYSTEMPATH/Autoloader/Autoloader.php(295): CodeIgniter\Autoloader\Autoloader->includeFile()
 2 SYSTEMPATH/Autoloader/Autoloader.php(271): CodeIgniter\Autoloader\Autoloader->loadInNamespace()
 3 [internal function]: CodeIgniter\Autoloader\Autoloader->loadClass()
 4 SYSTEMPATH/Router/Router.php(792): class_exists()
 5 SYSTEMPATH/Router/Router.php(230): CodeIgniter\Router\Router->processRouteAttributes()
 6 SYSTEMPATH/CodeIgniter.php(829): CodeIgniter\Router\Router->handle()
 7 SYSTEMPATH/CodeIgniter.php(441): CodeIgniter\CodeIgniter->tryToRouteIt()
 8 SYSTEMPATH/CodeIgniter.php(340): CodeIgniter\CodeIgniter->handleRequest()
 9 SYSTEMPATH/Boot.php(417): CodeIgniter\CodeIgniter->run()
10 SYSTEMPATH/Boot.php(68): CodeIgniter\Boot::runCodeIgniter()
11 FCPATH/index.php(59): CodeIgniter\Boot::bootWeb()
CRITICAL - 2026-05-07 18:18:56 --> ParseError: syntax error, unexpected token "echo", expecting ";"
[Method: GET, Route: inscription]
in APPPATH/Controllers/InscriptionController.php on line 11.
 1 SYSTEMPATH/Autoloader/Autoloader.php(295): CodeIgniter\Autoloader\Autoloader->includeFile()
 2 SYSTEMPATH/Autoloader/Autoloader.php(271): CodeIgniter\Autoloader\Autoloader->loadInNamespace()
 3 [internal function]: CodeIgniter\Autoloader\Autoloader->loadClass()
 4 SYSTEMPATH/Router/Router.php(792): class_exists()
 5 SYSTEMPATH/Router/Router.php(230): CodeIgniter\Router\Router->processRouteAttributes()
 6 SYSTEMPATH/CodeIgniter.php(829): CodeIgniter\Router\Router->handle()
 7 SYSTEMPATH/CodeIgniter.php(441): CodeIgniter\CodeIgniter->tryToRouteIt()
 8 SYSTEMPATH/CodeIgniter.php(340): CodeIgniter\CodeIgniter->handleRequest()
 9 SYSTEMPATH/Boot.php(417): CodeIgniter\CodeIgniter->run()
10 SYSTEMPATH/Boot.php(68): CodeIgniter\Boot::runCodeIgniter()
11 FCPATH/index.php(59): CodeIgniter\Boot::bootWeb()
CRITICAL - 2026-05-07 18:19:56 --> CodeIgniter\View\Exceptions\ViewException: Invalid file: "inscription.php"
[Method: GET, Route: inscription]
in SYSTEMPATH/Exceptions/FrameworkException.php on line 39.
 1 SYSTEMPATH/View/View.php(228): CodeIgniter\Exceptions\FrameworkException::forInvalidFile()
 2 SYSTEMPATH/Common.php(1250): CodeIgniter\View\View->render()
 3 APPPATH/Controllers/InscriptionController.php(11): view()
 4 SYSTEMPATH/CodeIgniter.php(951): App\Controllers\InscriptionController->index()
 5 SYSTEMPATH/CodeIgniter.php(497): CodeIgniter\CodeIgniter->runController()
 6 SYSTEMPATH/CodeIgniter.php(340): CodeIgniter\CodeIgniter->handleRequest()
 7 SYSTEMPATH/Boot.php(417): CodeIgniter\CodeIgniter->run()
 8 SYSTEMPATH/Boot.php(68): CodeIgniter\Boot::runCodeIgniter()
 9 FCPATH/index.php(59): CodeIgniter\Boot::bootWeb()
CRITICAL - 2026-05-07 18:20:18 --> CodeIgniter\View\Exceptions\ViewException: Invalid file: "inscription.php"
[Method: GET, Route: inscription]
in SYSTEMPATH/Exceptions/FrameworkException.php on line 39.
 1 SYSTEMPATH/View/View.php(228): CodeIgniter\Exceptions\FrameworkException::forInvalidFile()
 2 SYSTEMPATH/Common.php(1250): CodeIgniter\View\View->render()
 3 APPPATH/Controllers/InscriptionController.php(11): view()
 4 SYSTEMPATH/CodeIgniter.php(951): App\Controllers\InscriptionController->index()
 5 SYSTEMPATH/CodeIgniter.php(497): CodeIgniter\CodeIgniter->runController()
 6 SYSTEMPATH/CodeIgniter.php(340): CodeIgniter\CodeIgniter->handleRequest()
 7 SYSTEMPATH/Boot.php(417): CodeIgniter\CodeIgniter->run()
 8 SYSTEMPATH/Boot.php(68): CodeIgniter\Boot::runCodeIgniter()
 9 FCPATH/index.php(59): CodeIgniter\Boot::bootWeb()
CRITICAL - 2026-05-07 18:20:21 --> CodeIgniter\View\Exceptions\ViewException: Invalid file: "inscription.php"
[Method: GET, Route: /]
in SYSTEMPATH/Exceptions/FrameworkException.php on line 39.
 1 SYSTEMPATH/View/View.php(228): CodeIgniter\Exceptions\FrameworkException::forInvalidFile()
 2 SYSTEMPATH/Common.php(1250): CodeIgniter\View\View->render()
 3 APPPATH/Controllers/InscriptionController.php(11): view()
 4 SYSTEMPATH/CodeIgniter.php(951): App\Controllers\InscriptionController->index()
 5 SYSTEMPATH/CodeIgniter.php(497): CodeIgniter\CodeIgniter->runController()
 6 SYSTEMPATH/CodeIgniter.php(340): CodeIgniter\CodeIgniter->handleRequest()
 7 SYSTEMPATH/Boot.php(417): CodeIgniter\CodeIgniter->run()
 8 SYSTEMPATH/Boot.php(68): CodeIgniter\Boot::runCodeIgniter()
 9 FCPATH/index.php(59): CodeIgniter\Boot::bootWeb()
CRITICAL - 2026-05-07 18:26:50 --> Error: Call to undefined function set_value()
[Method: GET, Route: inscription]
in APPPATH/Views/inscription.php on line 20.
 1 SYSTEMPATH/View/View.php(240): include()
 2 SYSTEMPATH/View/View.php(243): CodeIgniter\View\View->CodeIgniter\View\{closure}()
 3 SYSTEMPATH/Common.php(1250): CodeIgniter\View\View->render()
 4 APPPATH/Controllers/InscriptionController.php(11): view()
 5 SYSTEMPATH/CodeIgniter.php(951): App\Controllers\InscriptionController->index()
 6 SYSTEMPATH/CodeIgniter.php(497): CodeIgniter\CodeIgniter->runController()
 7 SYSTEMPATH/CodeIgniter.php(340): CodeIgniter\CodeIgniter->handleRequest()
 8 SYSTEMPATH/Boot.php(417): CodeIgniter\CodeIgniter->run()
 9 SYSTEMPATH/Boot.php(68): CodeIgniter\Boot::runCodeIgniter()
10 FCPATH/index.php(59): CodeIgniter\Boot::bootWeb()
CRITICAL - 2026-05-07 18:26:51 --> Error: Call to undefined function set_value()
[Method: GET, Route: inscription]
in APPPATH/Views/inscription.php on line 20.
 1 SYSTEMPATH/View/View.php(240): include()
 2 SYSTEMPATH/View/View.php(243): CodeIgniter\View\View->CodeIgniter\View\{closure}()
 3 SYSTEMPATH/Common.php(1250): CodeIgniter\View\View->render()
 4 APPPATH/Controllers/InscriptionController.php(11): view()
 5 SYSTEMPATH/CodeIgniter.php(951): App\Controllers\InscriptionController->index()
 6 SYSTEMPATH/CodeIgniter.php(497): CodeIgniter\CodeIgniter->runController()
 7 SYSTEMPATH/CodeIgniter.php(340): CodeIgniter\CodeIgniter->handleRequest()
 8 SYSTEMPATH/Boot.php(417): CodeIgniter\CodeIgniter->run()
 9 SYSTEMPATH/Boot.php(68): CodeIgniter\Boot::runCodeIgniter()
10 FCPATH/index.php(59): CodeIgniter\Boot::bootWeb()
CRITICAL - 2026-05-07 18:27:28 --> Error: Call to undefined function set_value()
[Method: GET, Route: inscription]
in APPPATH/Views/inscription.php on line 20.
 1 SYSTEMPATH/View/View.php(240): include()
 2 SYSTEMPATH/View/View.php(243): CodeIgniter\View\View->CodeIgniter\View\{closure}()
 3 SYSTEMPATH/Common.php(1250): CodeIgniter\View\View->render()
 4 APPPATH/Controllers/InscriptionController.php(11): view()
 5 SYSTEMPATH/CodeIgniter.php(951): App\Controllers\InscriptionController->index()
 6 SYSTEMPATH/CodeIgniter.php(497): CodeIgniter\CodeIgniter->runController()
 7 SYSTEMPATH/CodeIgniter.php(340): CodeIgniter\CodeIgniter->handleRequest()
 8 SYSTEMPATH/Boot.php(417): CodeIgniter\CodeIgniter->run()
 9 SYSTEMPATH/Boot.php(68): CodeIgniter\Boot::runCodeIgniter()
10 FCPATH/index.php(59): CodeIgniter\Boot::bootWeb()
CRITICAL - 2026-05-07 18:35:59 --> Error: Call to undefined function set_value()
[Method: GET, Route: inscription]
in APPPATH/Views/inscription.php on line 20.
 1 SYSTEMPATH/View/View.php(240): include()
 2 SYSTEMPATH/View/View.php(243): CodeIgniter\View\View->CodeIgniter\View\{closure}()
 3 SYSTEMPATH/Common.php(1250): CodeIgniter\View\View->render()
 4 APPPATH/Controllers/InscriptionController.php(11): view()
 5 SYSTEMPATH/CodeIgniter.php(951): App\Controllers\InscriptionController->index()
 6 SYSTEMPATH/CodeIgniter.php(497): CodeIgniter\CodeIgniter->runController()
 7 SYSTEMPATH/CodeIgniter.php(340): CodeIgniter\CodeIgniter->handleRequest()
 8 SYSTEMPATH/Boot.php(417): CodeIgniter\CodeIgniter->run()
 9 SYSTEMPATH/Boot.php(68): CodeIgniter\Boot::runCodeIgniter()
10 FCPATH/index.php(59): CodeIgniter\Boot::bootWeb()
CRITICAL - 2026-05-07 18:37:52 --> Error: Call to undefined function set_value()
[Method: GET, Route: inscription]
in APPPATH/Views/inscription.php on line 20.
 1 SYSTEMPATH/View/View.php(240): include()
 2 SYSTEMPATH/View/View.php(243): CodeIgniter\View\View->CodeIgniter\View\{closure}()
 3 SYSTEMPATH/Common.php(1250): CodeIgniter\View\View->render()
 4 APPPATH/Controllers/InscriptionController.php(11): view()
 5 SYSTEMPATH/CodeIgniter.php(951): App\Controllers\InscriptionController->index()
 6 SYSTEMPATH/CodeIgniter.php(497): CodeIgniter\CodeIgniter->runController()
 7 SYSTEMPATH/CodeIgniter.php(340): CodeIgniter\CodeIgniter->handleRequest()
 8 SYSTEMPATH/Boot.php(417): CodeIgniter\CodeIgniter->run()
 9 SYSTEMPATH/Boot.php(68): CodeIgniter\Boot::runCodeIgniter()
10 FCPATH/index.php(59): CodeIgniter\Boot::bootWeb()
CRITICAL - 2026-05-07 18:57:08 --> Error: Call to undefined function set_value()
[Method: GET, Route: inscription]
in APPPATH/Views/inscription.php on line 20.
 1 SYSTEMPATH/View/View.php(240): include()
 2 SYSTEMPATH/View/View.php(243): CodeIgniter\View\View->CodeIgniter\View\{closure}()
 3 SYSTEMPATH/Common.php(1250): CodeIgniter\View\View->render()
 4 APPPATH/Controllers/InscriptionController.php(11): view()
 5 SYSTEMPATH/CodeIgniter.php(951): App\Controllers\InscriptionController->index()
 6 SYSTEMPATH/CodeIgniter.php(497): CodeIgniter\CodeIgniter->runController()
 7 SYSTEMPATH/CodeIgniter.php(340): CodeIgniter\CodeIgniter->handleRequest()
 8 SYSTEMPATH/Boot.php(417): CodeIgniter\CodeIgniter->run()
 9 SYSTEMPATH/Boot.php(68): CodeIgniter\Boot::runCodeIgniter()
10 FCPATH/index.php(59): CodeIgniter\Boot::bootWeb()
CRITICAL - 2026-05-07 19:03:03 --> ParseError: syntax error, unexpected token "if", expecting "function"
[Method: GET, Route: inscription]
in APPPATH/Controllers/InscriptionController.php on line 118.
 1 SYSTEMPATH/Autoloader/Autoloader.php(295): CodeIgniter\Autoloader\Autoloader->includeFile()
 2 SYSTEMPATH/Autoloader/Autoloader.php(271): CodeIgniter\Autoloader\Autoloader->loadInNamespace()
 3 [internal function]: CodeIgniter\Autoloader\Autoloader->loadClass()
 4 SYSTEMPATH/Router/Router.php(792): class_exists()
 5 SYSTEMPATH/Router/Router.php(230): CodeIgniter\Router\Router->processRouteAttributes()
 6 SYSTEMPATH/CodeIgniter.php(829): CodeIgniter\Router\Router->handle()
 7 SYSTEMPATH/CodeIgniter.php(441): CodeIgniter\CodeIgniter->tryToRouteIt()
 8 SYSTEMPATH/CodeIgniter.php(340): CodeIgniter\CodeIgniter->handleRequest()
 9 SYSTEMPATH/Boot.php(417): CodeIgniter\CodeIgniter->run()
10 SYSTEMPATH/Boot.php(68): CodeIgniter\Boot::runCodeIgniter()
11 FCPATH/index.php(59): CodeIgniter\Boot::bootWeb()
CRITICAL - 2026-05-07 19:03:05 --> ParseError: syntax error, unexpected token "if", expecting "function"
[Method: GET, Route: inscription]
in APPPATH/Controllers/InscriptionController.php on line 118.
 1 SYSTEMPATH/Autoloader/Autoloader.php(295): CodeIgniter\Autoloader\Autoloader->includeFile()
 2 SYSTEMPATH/Autoloader/Autoloader.php(271): CodeIgniter\Autoloader\Autoloader->loadInNamespace()
 3 [internal function]: CodeIgniter\Autoloader\Autoloader->loadClass()
 4 SYSTEMPATH/Router/Router.php(792): class_exists()
 5 SYSTEMPATH/Router/Router.php(230): CodeIgniter\Router\Router->processRouteAttributes()
 6 SYSTEMPATH/CodeIgniter.php(829): CodeIgniter\Router\Router->handle()
 7 SYSTEMPATH/CodeIgniter.php(441): CodeIgniter\CodeIgniter->tryToRouteIt()
 8 SYSTEMPATH/CodeIgniter.php(340): CodeIgniter\CodeIgniter->handleRequest()
 9 SYSTEMPATH/Boot.php(417): CodeIgniter\CodeIgniter->run()
10 SYSTEMPATH/Boot.php(68): CodeIgniter\Boot::runCodeIgniter()
11 FCPATH/index.php(59): CodeIgniter\Boot::bootWeb()
CRITICAL - 2026-05-07 19:03:16 --> ParseError: syntax error, unexpected token "if", expecting "function"
[Method: GET, Route: inscription]
in APPPATH/Controllers/InscriptionController.php on line 118.
 1 SYSTEMPATH/Autoloader/Autoloader.php(295): CodeIgniter\Autoloader\Autoloader->includeFile()
 2 SYSTEMPATH/Autoloader/Autoloader.php(271): CodeIgniter\Autoloader\Autoloader->loadInNamespace()
 3 [internal function]: CodeIgniter\Autoloader\Autoloader->loadClass()
 4 SYSTEMPATH/Router/Router.php(792): class_exists()
 5 SYSTEMPATH/Router/Router.php(230): CodeIgniter\Router\Router->processRouteAttributes()
 6 SYSTEMPATH/CodeIgniter.php(829): CodeIgniter\Router\Router->handle()
 7 SYSTEMPATH/CodeIgniter.php(441): CodeIgniter\CodeIgniter->tryToRouteIt()
 8 SYSTEMPATH/CodeIgniter.php(340): CodeIgniter\CodeIgniter->handleRequest()
 9 SYSTEMPATH/Boot.php(417): CodeIgniter\CodeIgniter->run()
10 SYSTEMPATH/Boot.php(68): CodeIgniter\Boot::runCodeIgniter()
11 FCPATH/index.php(59): CodeIgniter\Boot::bootWeb()
CRITICAL - 2026-05-07 19:03:19 --> ParseError: syntax error, unexpected token "if", expecting "function"
[Method: GET, Route: inscription]
in APPPATH/Controllers/InscriptionController.php on line 118.
 1 SYSTEMPATH/Autoloader/Autoloader.php(295): CodeIgniter\Autoloader\Autoloader->includeFile()
 2 SYSTEMPATH/Autoloader/Autoloader.php(271): CodeIgniter\Autoloader\Autoloader->loadInNamespace()
 3 [internal function]: CodeIgniter\Autoloader\Autoloader->loadClass()
 4 SYSTEMPATH/Router/Router.php(792): class_exists()
 5 SYSTEMPATH/Router/Router.php(230): CodeIgniter\Router\Router->processRouteAttributes()
 6 SYSTEMPATH/CodeIgniter.php(829): CodeIgniter\Router\Router->handle()
 7 SYSTEMPATH/CodeIgniter.php(441): CodeIgniter\CodeIgniter->tryToRouteIt()
 8 SYSTEMPATH/CodeIgniter.php(340): CodeIgniter\CodeIgniter->handleRequest()
 9 SYSTEMPATH/Boot.php(417): CodeIgniter\CodeIgniter->run()
10 SYSTEMPATH/Boot.php(68): CodeIgniter\Boot::runCodeIgniter()
11 FCPATH/index.php(59): CodeIgniter\Boot::bootWeb()
INFO - 2026-05-07 19:05:41 --> CSRF token verified.
ERROR - 2026-05-07 19:05:41 --> Error connecting to the database: mysqli_sql_exception: No such file or directory in /home/oxno/4277/S4/TP_GROUPE/regime/system/Database/MySQLi/Connection.php:201
Stack trace:
#0 /home/oxno/4277/S4/TP_GROUPE/regime/system/Database/MySQLi/Connection.php(201): mysqli->real_connect()
#1 /home/oxno/4277/S4/TP_GROUPE/regime/system/Database/BaseConnection.php(555): CodeIgniter\Database\MySQLi\Connection->connect()
#2 /home/oxno/4277/S4/TP_GROUPE/regime/system/Database/BaseConnection.php(795): CodeIgniter\Database\BaseConnection->initialize()
#3 /home/oxno/4277/S4/TP_GROUPE/regime/system/Database/BaseBuilder.php(1649): CodeIgniter\Database\BaseConnection->query()
#4 /home/oxno/4277/S4/TP_GROUPE/regime/system/Validation/Rules.php(175): CodeIgniter\Database\BaseBuilder->get()
#5 /home/oxno/4277/S4/TP_GROUPE/regime/system/Validation/StrictRules/Rules.php(187): CodeIgniter\Validation\Rules->is_unique()
#6 /home/oxno/4277/S4/TP_GROUPE/regime/system/Validation/Validation.php(345): CodeIgniter\Validation\StrictRules\Rules->is_unique()
#7 /home/oxno/4277/S4/TP_GROUPE/regime/system/Validation/Validation.php(210): CodeIgniter\Validation\Validation->processRules()
#8 /home/oxno/4277/S4/TP_GROUPE/regime/system/Controller.php(136): CodeIgniter\Validation\Validation->run()
#9 /home/oxno/4277/S4/TP_GROUPE/regime/app/Controllers/InscriptionController.php(27): CodeIgniter\Controller->validate()
#10 /home/oxno/4277/S4/TP_GROUPE/regime/system/CodeIgniter.php(951): App\Controllers\InscriptionController->store()
#11 /home/oxno/4277/S4/TP_GROUPE/regime/system/CodeIgniter.php(497): CodeIgniter\CodeIgniter->runController()
#12 /home/oxno/4277/S4/TP_GROUPE/regime/system/CodeIgniter.php(340): CodeIgniter\CodeIgniter->handleRequest()
#13 /home/oxno/4277/S4/TP_GROUPE/regime/system/Boot.php(417): CodeIgniter\CodeIgniter->run()
#14 /home/oxno/4277/S4/TP_GROUPE/regime/system/Boot.php(68): CodeIgniter\Boot::runCodeIgniter()
#15 /home/oxno/4277/S4/TP_GROUPE/regime/public/index.php(59): CodeIgniter\Boot::bootWeb()
#16 {main}

Next CodeIgniter\Database\Exceptions\DatabaseException: No such file or directory in /home/oxno/4277/S4/TP_GROUPE/regime/system/Database/MySQLi/Connection.php:231
Stack trace:
#0 /home/oxno/4277/S4/TP_GROUPE/regime/system/Database/BaseConnection.php(555): CodeIgniter\Database\MySQLi\Connection->connect()
#1 /home/oxno/4277/S4/TP_GROUPE/regime/system/Database/BaseConnection.php(795): CodeIgniter\Database\BaseConnection->initialize()
#2 /home/oxno/4277/S4/TP_GROUPE/regime/system/Database/BaseBuilder.php(1649): CodeIgniter\Database\BaseConnection->query()
#3 /home/oxno/4277/S4/TP_GROUPE/regime/system/Validation/Rules.php(175): CodeIgniter\Database\BaseBuilder->get()
#4 /home/oxno/4277/S4/TP_GROUPE/regime/system/Validation/StrictRules/Rules.php(187): CodeIgniter\Validation\Rules->is_unique()
#5 /home/oxno/4277/S4/TP_GROUPE/regime/system/Validation/Validation.php(345): CodeIgniter\Validation\StrictRules\Rules->is_unique()
#6 /home/oxno/4277/S4/TP_GROUPE/regime/system/Validation/Validation.php(210): CodeIgniter\Validation\Validation->processRules()
#7 /home/oxno/4277/S4/TP_GROUPE/regime/system/Controller.php(136): CodeIgniter\Validation\Validation->run()
#8 /home/oxno/4277/S4/TP_GROUPE/regime/app/Controllers/InscriptionController.php(27): CodeIgniter\Controller->validate()
#9 /home/oxno/4277/S4/TP_GROUPE/regime/system/CodeIgniter.php(951): App\Controllers\InscriptionController->store()
#10 /home/oxno/4277/S4/TP_GROUPE/regime/system/CodeIgniter.php(497): CodeIgniter\CodeIgniter->runController()
#11 /home/oxno/4277/S4/TP_GROUPE/regime/system/CodeIgniter.php(340): CodeIgniter\CodeIgniter->handleRequest()
#12 /home/oxno/4277/S4/TP_GROUPE/regime/system/Boot.php(417): CodeIgniter\CodeIgniter->run()
#13 /home/oxno/4277/S4/TP_GROUPE/regime/system/Boot.php(68): CodeIgniter\Boot::runCodeIgniter()
#14 /home/oxno/4277/S4/TP_GROUPE/regime/public/index.php(59): CodeIgniter\Boot::bootWeb()
#15 {main}
CRITICAL - 2026-05-07 19:05:41 --> CodeIgniter\Database\Exceptions\DatabaseException: Unable to connect to the database.
Main connection [MySQLi]: No such file or directory
[Method: POST, Route: inscription/store]
in SYSTEMPATH/Database/BaseConnection.php on line 606.
 1 SYSTEMPATH/Database/BaseConnection.php(795): CodeIgniter\Database\BaseConnection->initialize()
 2 SYSTEMPATH/Database/BaseBuilder.php(1649): CodeIgniter\Database\BaseConnection->query()
 3 SYSTEMPATH/Validation/Rules.php(175): CodeIgniter\Database\BaseBuilder->get()
 4 SYSTEMPATH/Validation/StrictRules/Rules.php(187): CodeIgniter\Validation\Rules->is_unique()
 5 SYSTEMPATH/Validation/Validation.php(345): CodeIgniter\Validation\StrictRules\Rules->is_unique()
 6 SYSTEMPATH/Validation/Validation.php(210): CodeIgniter\Validation\Validation->processRules()
 7 SYSTEMPATH/Controller.php(136): CodeIgniter\Validation\Validation->run()
 8 APPPATH/Controllers/InscriptionController.php(27): CodeIgniter\Controller->validate()
 9 SYSTEMPATH/CodeIgniter.php(951): App\Controllers\InscriptionController->store()
10 SYSTEMPATH/CodeIgniter.php(497): CodeIgniter\CodeIgniter->runController()
11 SYSTEMPATH/CodeIgniter.php(340): CodeIgniter\CodeIgniter->handleRequest()
12 SYSTEMPATH/Boot.php(417): CodeIgniter\CodeIgniter->run()
13 SYSTEMPATH/Boot.php(68): CodeIgniter\Boot::runCodeIgniter()
14 FCPATH/index.php(59): CodeIgniter\Boot::bootWeb()
INFO - 2026-05-07 19:10:21 --> CSRF token verified.
INFO - 2026-05-07 19:11:12 --> CSRF token verified.
ERROR - 2026-05-07 19:11:12 --> Error connecting to the database: Error: Class "SQLite3" not found in /home/oxno/4277/S4/TP_GROUPE/regime/system/Database/SQLite3/Connection.php:111
Stack trace:
#0 /home/oxno/4277/S4/TP_GROUPE/regime/system/Database/BaseConnection.php(555): CodeIgniter\Database\SQLite3\Connection->connect()
#1 /home/oxno/4277/S4/TP_GROUPE/regime/system/Database/SQLite3/Connection.php(74): CodeIgniter\Database\BaseConnection->initialize()
#2 /home/oxno/4277/S4/TP_GROUPE/regime/system/Database/BaseConnection.php(795): CodeIgniter\Database\SQLite3\Connection->initialize()
#3 /home/oxno/4277/S4/TP_GROUPE/regime/system/Database/BaseBuilder.php(2345): CodeIgniter\Database\BaseConnection->query()
#4 /home/oxno/4277/S4/TP_GROUPE/regime/system/Model.php(355): CodeIgniter\Database\BaseBuilder->insert()
#5 /home/oxno/4277/S4/TP_GROUPE/regime/system/BaseModel.php(899): CodeIgniter\Model->doInsert()
#6 /home/oxno/4277/S4/TP_GROUPE/regime/system/Model.php(668): CodeIgniter\BaseModel->insert()
#7 /home/oxno/4277/S4/TP_GROUPE/regime/app/Controllers/InscriptionController.php(42): CodeIgniter\Model->insert()
#8 /home/oxno/4277/S4/TP_GROUPE/regime/system/CodeIgniter.php(951): App\Controllers\InscriptionController->store()
#9 /home/oxno/4277/S4/TP_GROUPE/regime/system/CodeIgniter.php(497): CodeIgniter\CodeIgniter->runController()
#10 /home/oxno/4277/S4/TP_GROUPE/regime/system/CodeIgniter.php(340): CodeIgniter\CodeIgniter->handleRequest()
#11 /home/oxno/4277/S4/TP_GROUPE/regime/system/Boot.php(417): CodeIgniter\CodeIgniter->run()
#12 /home/oxno/4277/S4/TP_GROUPE/regime/system/Boot.php(68): CodeIgniter\Boot::runCodeIgniter()
#13 /home/oxno/4277/S4/TP_GROUPE/regime/public/index.php(59): CodeIgniter\Boot::bootWeb()
#14 {main}
CRITICAL - 2026-05-07 19:11:12 --> CodeIgniter\Database\Exceptions\DatabaseException: Unable to connect to the database.
Main connection [SQLite3]: Class "SQLite3" not found
[Method: POST, Route: inscription/store]
in SYSTEMPATH/Database/BaseConnection.php on line 606.
 1 SYSTEMPATH/Database/SQLite3/Connection.php(74): CodeIgniter\Database\BaseConnection->initialize()
 2 SYSTEMPATH/Database/BaseConnection.php(795): CodeIgniter\Database\SQLite3\Connection->initialize()
 3 SYSTEMPATH/Database/BaseBuilder.php(2345): CodeIgniter\Database\BaseConnection->query()
 4 SYSTEMPATH/Model.php(355): CodeIgniter\Database\BaseBuilder->insert()
 5 SYSTEMPATH/BaseModel.php(899): CodeIgniter\Model->doInsert()
 6 SYSTEMPATH/Model.php(668): CodeIgniter\BaseModel->insert()
 7 APPPATH/Controllers/InscriptionController.php(42): CodeIgniter\Model->insert()
 8 SYSTEMPATH/CodeIgniter.php(951): App\Controllers\InscriptionController->store()
 9 SYSTEMPATH/CodeIgniter.php(497): CodeIgniter\CodeIgniter->runController()
10 SYSTEMPATH/CodeIgniter.php(340): CodeIgniter\CodeIgniter->handleRequest()
11 SYSTEMPATH/Boot.php(417): CodeIgniter\CodeIgniter->run()
12 SYSTEMPATH/Boot.php(68): CodeIgniter\Boot::runCodeIgniter()
13 FCPATH/index.php(59): CodeIgniter\Boot::bootWeb()
ERROR - 2026-05-07 19:13:32 --> Unknown column 'poids_kg' in 'field list'
in SYSTEMPATH/Database/MySQLi/Connection.php on line 300.
 1 SYSTEMPATH/Database/MySQLi/Connection.php(300): mysqli->query()
 2 SYSTEMPATH/Database/BaseConnection.php(910): CodeIgniter\Database\MySQLi\Connection->execute()
 3 SYSTEMPATH/Database/BaseConnection.php(827): CodeIgniter\Database\BaseConnection->simpleQuery()
 4 SYSTEMPATH/Database/BaseBuilder.php(2521): CodeIgniter\Database\BaseConnection->query()
 5 SYSTEMPATH/Model.php(406): CodeIgniter\Database\BaseBuilder->update()
 6 SYSTEMPATH/BaseModel.php(1074): CodeIgniter\Model->doUpdate()
 7 SYSTEMPATH/Model.php(709): CodeIgniter\BaseModel->update()
 8 APPPATH/Controllers/InscriptionController.php(74): CodeIgniter\Model->update()
 9 SYSTEMPATH/CodeIgniter.php(951): App\Controllers\InscriptionController->finaliser()
10 SYSTEMPATH/CodeIgniter.php(497): CodeIgniter\CodeIgniter->runController()
11 SYSTEMPATH/CodeIgniter.php(340): CodeIgniter\CodeIgniter->handleRequest()
12 SYSTEMPATH/Boot.php(417): CodeIgniter\CodeIgniter->run()
13 SYSTEMPATH/Boot.php(68): CodeIgniter\Boot::runCodeIgniter()
14 FCPATH/index.php(59): CodeIgniter\Boot::bootWeb()
CRITICAL - 2026-05-07 19:13:32 --> CodeIgniter\Database\Exceptions\DatabaseException: Unknown column 'poids_kg' in 'field list'
[Method: POST, Route: inscription/finaliser]
in SYSTEMPATH/Database/BaseConnection.php on line 865.
 1 SYSTEMPATH/Database/BaseBuilder.php(2521): CodeIgniter\Database\BaseConnection->query()
 2 SYSTEMPATH/Model.php(406): CodeIgniter\Database\BaseBuilder->update()
 3 SYSTEMPATH/BaseModel.php(1074): CodeIgniter\Model->doUpdate()
 4 SYSTEMPATH/Model.php(709): CodeIgniter\BaseModel->update()
 5 APPPATH/Controllers/InscriptionController.php(74): CodeIgniter\Model->update()
 6 SYSTEMPATH/CodeIgniter.php(951): App\Controllers\InscriptionController->finaliser()
 7 SYSTEMPATH/CodeIgniter.php(497): CodeIgniter\CodeIgniter->runController()
 8 SYSTEMPATH/CodeIgniter.php(340): CodeIgniter\CodeIgniter->handleRequest()
 9 SYSTEMPATH/Boot.php(417): CodeIgniter\CodeIgniter->run()
10 SYSTEMPATH/Boot.php(68): CodeIgniter\Boot::runCodeIgniter()
11 FCPATH/index.php(59): CodeIgniter\Boot::bootWeb()
CRITICAL - 2026-05-07 19:13:32 --> [Caused by] CodeIgniter\Database\Exceptions\DatabaseException: Unknown column 'poids_kg' in 'field list'
in SYSTEMPATH/Database/MySQLi/Connection.php on line 310.
 1 SYSTEMPATH/Database/BaseConnection.php(910): CodeIgniter\Database\MySQLi\Connection->execute()
 2 SYSTEMPATH/Database/BaseConnection.php(827): CodeIgniter\Database\BaseConnection->simpleQuery()
 3 SYSTEMPATH/Database/BaseBuilder.php(2521): CodeIgniter\Database\BaseConnection->query()
 4 SYSTEMPATH/Model.php(406): CodeIgniter\Database\BaseBuilder->update()
 5 SYSTEMPATH/BaseModel.php(1074): CodeIgniter\Model->doUpdate()
 6 SYSTEMPATH/Model.php(709): CodeIgniter\BaseModel->update()
 7 APPPATH/Controllers/InscriptionController.php(74): CodeIgniter\Model->update()
 8 SYSTEMPATH/CodeIgniter.php(951): App\Controllers\InscriptionController->finaliser()
 9 SYSTEMPATH/CodeIgniter.php(497): CodeIgniter\CodeIgniter->runController()
10 SYSTEMPATH/CodeIgniter.php(340): CodeIgniter\CodeIgniter->handleRequest()
11 SYSTEMPATH/Boot.php(417): CodeIgniter\CodeIgniter->run()
12 SYSTEMPATH/Boot.php(68): CodeIgniter\Boot::runCodeIgniter()
13 FCPATH/index.php(59): CodeIgniter\Boot::bootWeb()
CRITICAL - 2026-05-07 19:13:32 --> [Caused by] mysqli_sql_exception: Unknown column 'poids_kg' in 'field list'
in SYSTEMPATH/Database/MySQLi/Connection.php on line 300.
 1 SYSTEMPATH/Database/MySQLi/Connection.php(300): mysqli->query()
 2 SYSTEMPATH/Database/BaseConnection.php(910): CodeIgniter\Database\MySQLi\Connection->execute()
 3 SYSTEMPATH/Database/BaseConnection.php(827): CodeIgniter\Database\BaseConnection->simpleQuery()
 4 SYSTEMPATH/Database/BaseBuilder.php(2521): CodeIgniter\Database\BaseConnection->query()
 5 SYSTEMPATH/Model.php(406): CodeIgniter\Database\BaseBuilder->update()
 6 SYSTEMPATH/BaseModel.php(1074): CodeIgniter\Model->doUpdate()
 7 SYSTEMPATH/Model.php(709): CodeIgniter\BaseModel->update()
 8 APPPATH/Controllers/InscriptionController.php(74): CodeIgniter\Model->update()
 9 SYSTEMPATH/CodeIgniter.php(951): App\Controllers\InscriptionController->finaliser()
10 SYSTEMPATH/CodeIgniter.php(497): CodeIgniter\CodeIgniter->runController()
11 SYSTEMPATH/CodeIgniter.php(340): CodeIgniter\CodeIgniter->handleRequest()
12 SYSTEMPATH/Boot.php(417): CodeIgniter\CodeIgniter->run()
13 SYSTEMPATH/Boot.php(68): CodeIgniter\Boot::runCodeIgniter()
14 FCPATH/index.php(59): CodeIgniter\Boot::bootWeb()
